New log file opened at Tue May 31 10:26:16 PDT 2016 by 12045@Distellis-MacBook-Pro.local
Taking next connection to: 60965
New client attempting to connect on port: 60967-60965
  Address = /192.168.1.46:60965
This client on port 60967 has uuid f8420845-332f-44fe-8a12-cf9d6b4ce56e configName activator humanReadableName Activator protocolVersion 3 featureTags Vector()
Connected Clients: activator-f8420845-332f-44fe-8a12-cf9d6b4ce56e
Taking next connection to: 60965
New client attempting to connect on port: 61167-60965
  Address = /192.168.1.46:60965
Handshake exception on socket: 61167
sbt.impl.ipc.HandshakeException: Unable to perform handshake
	at sbt.impl.ipc.Peer.handshake(IPC.scala:46)
	at sbt.impl.ipc.MultiClientServer.<init>(IPC.scala:150)
	at sbt.server.SbtServerSocketHandler$$anon$1.run(SbtServerSocketHandler.scala:43)
Caused by: java.io.EOFException
	at java.io.DataInputStream.readInt(DataInputStream.java:392)
	at sbt.impl.ipc.Peer.receive(IPC.scala:95)
	at sbt.impl.ipc.Peer.handshake(IPC.scala:49)
	... 2 more
Taking next connection to: 60965
New client attempting to connect on port: 61168-60965
  Address = /192.168.1.46:60965
This client on port 61168 has uuid f5640b4f-f4ef-4b3f-9fb3-bc31db337545 configName play-fork-run humanReadableName Play Fork Run protocolVersion 1 featureTags Vector()
Connected Clients: activator-f8420845-332f-44fe-8a12-cf9d6b4ce56e, play-fork-run-f5640b4f-f4ef-4b3f-9fb3-bc31db337545
Taking next connection to: 60965
Checking to see if clients are empty...
We have 1 non-daemon clients, continuing serving connections.
Taking next connection to: 60965
Checking to see if clients are empty...
We have 1 non-daemon clients, continuing serving connections.
Taking next connection to: 60965
Checking to see if clients are empty...
We have 1 non-daemon clients, continuing serving connections.
Taking next connection to: 60965
Checking to see if clients are empty...
We have 1 non-daemon clients, continuing serving connections.
Taking next connection to: 60965
Checking to see if clients are empty...
No non-daemon clients connected after 3 min. Shutting down.
1 daemon clients are connected.
Server socket thread exiting.
1 clients open, will close them...
All client sockets have been closed.
Closing the 12045@Distellis-MacBook-Pro.local logs at Tue May 31 10:42:54 PDT 2016, goodbye.
